#! /c/Source/iverilog-install/bin/vvp
:ivl_version "12.0 (devel)" "(s20150603-1110-g18392a46)";
:ivl_delay_selection "TYPICAL";
:vpi_time_precision + 0;
:vpi_module "C:\iverilog\lib\ivl\system.vpi";
:vpi_module "C:\iverilog\lib\ivl\vhdl_sys.vpi";
:vpi_module "C:\iverilog\lib\ivl\vhdl_textio.vpi";
:vpi_module "C:\iverilog\lib\ivl\v2005_math.vpi";
:vpi_module "C:\iverilog\lib\ivl\va_math.vpi";
S_000001816a3094d0 .scope module, "t_ALU" "t_ALU" 2 22;
 .timescale 0 0;
v000001816a322b50_0 .var "a", 7 0;
v000001816a322bf0_0 .var "b", 7 0;
v000001816a322c90_0 .var "sel", 2 0;
v000001816a322d30_0 .net "y", 7 0, v000001816a322ab0_0;  1 drivers
S_000001816a309660 .scope module, "alu" "ALU" 2 27, 2 1 0, S_000001816a3094d0;
 .timescale 0 0;
    .port_info 0 /OUTPUT 8 "y";
    .port_info 1 /INPUT 3 "sel";
    .port_info 2 /INPUT 8 "a";
    .port_info 3 /INPUT 8 "b";
v000001816a323210_0 .net "a", 7 0, v000001816a322b50_0;  1 drivers
v000001816a30d390_0 .net "b", 7 0, v000001816a322bf0_0;  1 drivers
v000001816a322a10_0 .net "sel", 2 0, v000001816a322c90_0;  1 drivers
v000001816a322ab0_0 .var "y", 7 0;
E_000001816a358330 .event anyedge, v000001816a30d390_0, v000001816a323210_0, v000001816a322a10_0;
    .scope S_000001816a309660;
T_0 ;
    %wait E_000001816a358330;
    %load/vec4 v000001816a322a10_0;
    %dup/vec4;
    %pushi/vec4 0, 0, 3;
    %cmp/u;
    %jmp/1 T_0.0, 6;
    %dup/vec4;
    %pushi/vec4 1, 0, 3;
    %cmp/u;
    %jmp/1 T_0.1, 6;
    %dup/vec4;
    %pushi/vec4 2, 0, 3;
    %cmp/u;
    %jmp/1 T_0.2, 6;
    %dup/vec4;
    %pushi/vec4 3, 0, 3;
    %cmp/u;
    %jmp/1 T_0.3, 6;
    %dup/vec4;
    %pushi/vec4 4, 0, 3;
    %cmp/u;
    %jmp/1 T_0.4, 6;
    %dup/vec4;
    %pushi/vec4 5, 0, 3;
    %cmp/u;
    %jmp/1 T_0.5, 6;
    %dup/vec4;
    %pushi/vec4 6, 0, 3;
    %cmp/u;
    %jmp/1 T_0.6, 6;
    %dup/vec4;
    %pushi/vec4 7, 0, 3;
    %cmp/u;
    %jmp/1 T_0.7, 6;
    %pushi/vec4 0, 0, 8;
    %store/vec4 v000001816a322ab0_0, 0, 8;
    %jmp T_0.9;
T_0.0 ;
    %pushi/vec4 0, 0, 8;
    %store/vec4 v000001816a322ab0_0, 0, 8;
    %jmp T_0.9;
T_0.1 ;
    %load/vec4 v000001816a323210_0;
    %load/vec4 v000001816a30d390_0;
    %and;
    %store/vec4 v000001816a322ab0_0, 0, 8;
    %jmp T_0.9;
T_0.2 ;
    %load/vec4 v000001816a323210_0;
    %load/vec4 v000001816a30d390_0;
    %or;
    %store/vec4 v000001816a322ab0_0, 0, 8;
    %jmp T_0.9;
T_0.3 ;
    %load/vec4 v000001816a323210_0;
    %load/vec4 v000001816a30d390_0;
    %xor;
    %store/vec4 v000001816a322ab0_0, 0, 8;
    %jmp T_0.9;
T_0.4 ;
    %load/vec4 v000001816a323210_0;
    %inv;
    %store/vec4 v000001816a322ab0_0, 0, 8;
    %jmp T_0.9;
T_0.5 ;
    %load/vec4 v000001816a323210_0;
    %load/vec4 v000001816a30d390_0;
    %sub;
    %store/vec4 v000001816a322ab0_0, 0, 8;
    %jmp T_0.9;
T_0.6 ;
    %load/vec4 v000001816a323210_0;
    %load/vec4 v000001816a30d390_0;
    %add;
    %store/vec4 v000001816a322ab0_0, 0, 8;
    %jmp T_0.9;
T_0.7 ;
    %pushi/vec4 255, 0, 8;
    %store/vec4 v000001816a322ab0_0, 0, 8;
    %jmp T_0.9;
T_0.9 ;
    %pop/vec4 1;
    %jmp T_0;
    .thread T_0, $push;
    .scope S_000001816a3094d0;
T_1 ;
    %pushi/vec4 170, 0, 8;
    %store/vec4 v000001816a322b50_0, 0, 8;
    %pushi/vec4 240, 0, 8;
    %store/vec4 v000001816a322bf0_0, 0, 8;
    %pushi/vec4 0, 0, 3;
    %store/vec4 v000001816a322c90_0, 0, 3;
    %vpi_call 2 32 "$display", "time = %d, sel = %b, a = %h, b = %h, y = %h", $time, v000001816a322c90_0, v000001816a322b50_0, v000001816a322bf0_0, v000001816a322d30_0 {0 0 0};
    %pushi/vec4 7, 0, 32;
T_1.0 %dup/vec4;
    %pushi/vec4 0, 0, 32;
    %cmp/s;
    %jmp/1xz T_1.1, 5;
    %jmp/1 T_1.1, 4;
    %pushi/vec4 1, 0, 32;
    %sub;
    %delay 100, 0;
    %load/vec4 v000001816a322c90_0;
    %addi 1, 0, 3;
    %store/vec4 v000001816a322c90_0, 0, 3;
    %jmp T_1.0;
T_1.1 ;
    %pop/vec4 1;
    %end;
    .thread T_1;
    .scope S_000001816a3094d0;
T_2 ;
    %delay 800, 0;
    %vpi_call 2 37 "$finish" {0 0 0};
    %end;
    .thread T_2;
    .scope S_000001816a3094d0;
T_3 ;
    %vpi_call 2 38 "$dumpvars" {0 0 0};
    %end;
    .thread T_3;
    .scope S_000001816a3094d0;
T_4 ;
    %vpi_call 2 40 "$monitor", "time = %d, sel = %b, a = %h, b = %h, y = %h", $time, v000001816a322c90_0, v000001816a322b50_0, v000001816a322bf0_0, v000001816a322d30_0 {0 0 0};
    %end;
    .thread T_4;
# The file index is used to find the file name in the following table.
:file_names 3;
    "N/A";
    "<interactive>";
    ".\alu.v";
