#! /c/Source/iverilog-install/bin/vvp
:ivl_version "12.0 (devel)" "(s20150603-1110-g18392a46)";
:ivl_delay_selection "TYPICAL";
:vpi_time_precision - 10;
:vpi_module "C:\iverilog\lib\ivl\system.vpi";
:vpi_module "C:\iverilog\lib\ivl\vhdl_sys.vpi";
:vpi_module "C:\iverilog\lib\ivl\vhdl_textio.vpi";
:vpi_module "C:\iverilog\lib\ivl\v2005_math.vpi";
:vpi_module "C:\iverilog\lib\ivl\va_math.vpi";
S_0000028d9feae3c0 .scope module, "t_counter_4" "t_counter_4" 2 111;
 .timescale -9 -10;
v0000028d9fec26b0_0 .net "a_count", 3 0, v0000028d9fec3060_0;  1 drivers
v0000028d9fec2750_0 .net "c_out", 0 0, v0000028d9ff01970_0;  1 drivers
v0000028d9fec27f0_0 .var "clear", 0 0;
v0000028d9fec2890_0 .var "clk", 0 0;
v0000028d9fefcb60_0 .var "count", 0 0;
v0000028d9fefcc00_0 .var "data_in", 3 0;
v0000028d9ff581e0_0 .var "load", 0 0;
S_0000028d9feae6e0 .scope module, "m" "counter_4" 2 119, 2 89 0, S_0000028d9feae3c0;
 .timescale -9 -10;
    .port_info 0 /OUTPUT 4 "a_count";
    .port_info 1 /OUTPUT 1 "c_out";
    .port_info 2 /INPUT 4 "data_in";
    .port_info 3 /INPUT 1 "count";
    .port_info 4 /INPUT 1 "load";
    .port_info 5 /INPUT 1 "clear";
    .port_info 6 /INPUT 1 "clk";
v0000028d9fec3060_0 .var "a_count", 3 0;
v0000028d9ff01970_0 .var "c_out", 0 0;
v0000028d9fee8760_0 .net "clear", 0 0, v0000028d9fec27f0_0;  1 drivers
v0000028d9fee8800_0 .net "clk", 0 0, v0000028d9fec2890_0;  1 drivers
v0000028d9fec24d0_0 .net "count", 0 0, v0000028d9fefcb60_0;  1 drivers
v0000028d9fec2570_0 .net "data_in", 3 0, v0000028d9fefcc00_0;  1 drivers
v0000028d9fec2610_0 .net "load", 0 0, v0000028d9ff581e0_0;  1 drivers
E_0000028d9feecf00/0 .event negedge, v0000028d9fee8760_0;
E_0000028d9feecf00/1 .event posedge, v0000028d9fee8800_0;
E_0000028d9feecf00 .event/or E_0000028d9feecf00/0, E_0000028d9feecf00/1;
S_0000028d9feae550 .scope module, "t_shift_4" "t_shift_4" 2 37;
 .timescale -9 -10;
v0000028d9ff57ec0_0 .net "a_par", 3 0, v0000028d9ff58320_0;  1 drivers
v0000028d9ff58500_0 .var "clear", 0 0;
v0000028d9ff585a0_0 .var "clk", 0 0;
v0000028d9ff57e20_0 .var "i_par", 3 0;
v0000028d9ff57f60_0 .var "lsb_i", 0 0;
v0000028d9ff580a0_0 .var "msb_i", 0 0;
v0000028d9ff58640_0 .var "s0", 0 0;
v0000028d9ff586e0_0 .var "s1", 0 0;
S_0000028d9fefcca0 .scope module, "m" "shift_4" 2 44, 2 3 0, S_0000028d9feae550;
 .timescale -9 -10;
    .port_info 0 /OUTPUT 4 "a_par";
    .port_info 1 /INPUT 4 "i_par";
    .port_info 2 /INPUT 1 "s1";
    .port_info 3 /INPUT 1 "s0";
    .port_info 4 /INPUT 1 "msb_i";
    .port_info 5 /INPUT 1 "clk";
    .port_info 6 /INPUT 1 "clear";
    .port_info 7 /INPUT 1 "lsb_i";
v0000028d9ff58320_0 .var "a_par", 3 0;
v0000028d9ff57ba0_0 .net "clear", 0 0, v0000028d9ff58500_0;  1 drivers
v0000028d9ff583c0_0 .net "clk", 0 0, v0000028d9ff585a0_0;  1 drivers
v0000028d9ff57c40_0 .net "i_par", 3 0, v0000028d9ff57e20_0;  1 drivers
v0000028d9ff58140_0 .net "lsb_i", 0 0, v0000028d9ff57f60_0;  1 drivers
v0000028d9ff58460_0 .net "msb_i", 0 0, v0000028d9ff580a0_0;  1 drivers
v0000028d9ff58000_0 .net "s0", 0 0, v0000028d9ff58640_0;  1 drivers
v0000028d9ff58280_0 .net "s1", 0 0, v0000028d9ff586e0_0;  1 drivers
E_0000028d9feec740/0 .event negedge, v0000028d9ff57ba0_0;
E_0000028d9feec740/1 .event posedge, v0000028d9ff583c0_0;
E_0000028d9feec740 .event/or E_0000028d9feec740/0, E_0000028d9feec740/1;
    .scope S_0000028d9feae6e0;
T_0 ;
    %wait E_0000028d9feecf00;
    %load/vec4 v0000028d9fee8760_0;
    %inv;
    %flag_set/vec4 8;
    %jmp/0xz  T_0.0, 8;
    %pushi/vec4 0, 0, 4;
    %assign/vec4 v0000028d9fec3060_0, 0;
    %pushi/vec4 0, 0, 1;
    %assign/vec4 v0000028d9ff01970_0, 0;
    %jmp T_0.1;
T_0.0 ;
    %load/vec4 v0000028d9fec2610_0;
    %flag_set/vec4 8;
    %jmp/0xz  T_0.2, 8;
    %load/vec4 v0000028d9fec2570_0;
    %assign/vec4 v0000028d9fec3060_0, 0;
    %pushi/vec4 0, 0, 1;
    %assign/vec4 v0000028d9ff01970_0, 0;
    %jmp T_0.3;
T_0.2 ;
    %load/vec4 v0000028d9fec24d0_0;
    %flag_set/vec4 8;
    %jmp/0xz  T_0.4, 8;
    %load/vec4 v0000028d9fec3060_0;
    %and/r;
    %assign/vec4 v0000028d9ff01970_0, 0;
    %load/vec4 v0000028d9fec3060_0;
    %addi 1, 0, 4;
    %assign/vec4 v0000028d9fec3060_0, 0;
T_0.4 ;
T_0.3 ;
T_0.1 ;
    %jmp T_0;
    .thread T_0;
    .scope S_0000028d9feae3c0;
T_1 ;
    %pushi/vec4 0, 0, 1;
    %store/vec4 v0000028d9fec2890_0, 0, 1;
    %pushi/vec4 100, 0, 32;
T_1.0 %dup/vec4;
    %pushi/vec4 0, 0, 32;
    %cmp/s;
    %jmp/1xz T_1.1, 5;
    %jmp/1 T_1.1, 4;
    %pushi/vec4 1, 0, 32;
    %sub;
    %delay 1000, 0;
    %load/vec4 v0000028d9fec2890_0;
    %inv;
    %store/vec4 v0000028d9fec2890_0, 0, 1;
    %jmp T_1.0;
T_1.1 ;
    %pop/vec4 1;
    %end;
    .thread T_1;
    .scope S_0000028d9feae3c0;
T_2 ;
    %pushi/vec4 15, 0, 4;
    %store/vec4 v0000028d9fefcc00_0, 0, 4;
    %pushi/vec4 0, 0, 1;
    %store/vec4 v0000028d9fefcb60_0, 0, 1;
    %pushi/vec4 0, 0, 1;
    %store/vec4 v0000028d9ff581e0_0, 0, 1;
    %pushi/vec4 1, 0, 1;
    %store/vec4 v0000028d9fec27f0_0, 0, 1;
    %delay 500, 0;
    %pushi/vec4 0, 0, 1;
    %store/vec4 v0000028d9fec27f0_0, 0, 1;
    %delay 2000, 0;
    %pushi/vec4 1, 0, 1;
    %store/vec4 v0000028d9fec27f0_0, 0, 1;
    %delay 2000, 0;
    %pushi/vec4 1, 0, 1;
    %store/vec4 v0000028d9fefcb60_0, 0, 1;
    %delay 6000, 0;
    %pushi/vec4 1, 0, 1;
    %store/vec4 v0000028d9ff581e0_0, 0, 1;
    %delay 2000, 0;
    %pushi/vec4 0, 0, 1;
    %store/vec4 v0000028d9ff581e0_0, 0, 1;
    %end;
    .thread T_2;
    .scope S_0000028d9feae3c0;
T_3 ;
    %vpi_call 2 141 "$dumpvars" {0 0 0};
    %end;
    .thread T_3;
    .scope S_0000028d9feae3c0;
T_4 ;
    %delay 20000, 0;
    %vpi_call 2 142 "$finish" {0 0 0};
    %end;
    .thread T_4;
    .scope S_0000028d9fefcca0;
T_5 ;
    %wait E_0000028d9feec740;
    %load/vec4 v0000028d9ff57ba0_0;
    %inv;
    %flag_set/vec4 8;
    %jmp/0xz  T_5.0, 8;
    %pushi/vec4 0, 0, 4;
    %assign/vec4 v0000028d9ff58320_0, 0;
    %jmp T_5.1;
T_5.0 ;
    %load/vec4 v0000028d9ff58280_0;
    %load/vec4 v0000028d9ff58000_0;
    %concat/vec4; draw_concat_vec4
    %dup/vec4;
    %pushi/vec4 1, 0, 2;
    %cmp/u;
    %jmp/1 T_5.2, 6;
    %dup/vec4;
    %pushi/vec4 2, 0, 2;
    %cmp/u;
    %jmp/1 T_5.3, 6;
    %dup/vec4;
    %pushi/vec4 3, 0, 2;
    %cmp/u;
    %jmp/1 T_5.4, 6;
    %load/vec4 v0000028d9ff58320_0;
    %assign/vec4 v0000028d9ff58320_0, 0;
    %jmp T_5.6;
T_5.2 ;
    %load/vec4 v0000028d9ff58320_0;
    %parti/s 3, 1, 2;
    %ix/load 4, 0, 0;
    %ix/load 5, 0, 0;
    %flag_set/imm 4, 0;
    %assign/vec4/off/d v0000028d9ff58320_0, 4, 5;
    %load/vec4 v0000028d9ff58460_0;
    %ix/load 4, 3, 0;
    %ix/load 5, 0, 0;
    %flag_set/imm 4, 0;
    %assign/vec4/off/d v0000028d9ff58320_0, 4, 5;
    %jmp T_5.6;
T_5.3 ;
    %load/vec4 v0000028d9ff58320_0;
    %parti/s 3, 0, 2;
    %ix/load 4, 1, 0;
    %ix/load 5, 0, 0;
    %flag_set/imm 4, 0;
    %assign/vec4/off/d v0000028d9ff58320_0, 4, 5;
    %load/vec4 v0000028d9ff58140_0;
    %ix/load 4, 0, 0;
    %ix/load 5, 0, 0;
    %flag_set/imm 4, 0;
    %assign/vec4/off/d v0000028d9ff58320_0, 4, 5;
    %jmp T_5.6;
T_5.4 ;
    %load/vec4 v0000028d9ff57c40_0;
    %assign/vec4 v0000028d9ff58320_0, 0;
    %jmp T_5.6;
T_5.6 ;
    %pop/vec4 1;
T_5.1 ;
    %jmp T_5;
    .thread T_5;
    .scope S_0000028d9feae550;
T_6 ;
    %pushi/vec4 0, 0, 1;
    %store/vec4 v0000028d9ff585a0_0, 0, 1;
    %pushi/vec4 100, 0, 32;
T_6.0 %dup/vec4;
    %pushi/vec4 0, 0, 32;
    %cmp/s;
    %jmp/1xz T_6.1, 5;
    %jmp/1 T_6.1, 4;
    %pushi/vec4 1, 0, 32;
    %sub;
    %delay 1000, 0;
    %load/vec4 v0000028d9ff585a0_0;
    %inv;
    %store/vec4 v0000028d9ff585a0_0, 0, 1;
    %jmp T_6.0;
T_6.1 ;
    %pop/vec4 1;
    %end;
    .thread T_6;
    .scope S_0000028d9feae550;
T_7 ;
    %pushi/vec4 6, 0, 4;
    %store/vec4 v0000028d9ff57e20_0, 0, 4;
    %pushi/vec4 0, 0, 1;
    %store/vec4 v0000028d9ff586e0_0, 0, 1;
    %pushi/vec4 0, 0, 1;
    %store/vec4 v0000028d9ff58640_0, 0, 1;
    %pushi/vec4 1, 0, 1;
    %store/vec4 v0000028d9ff580a0_0, 0, 1;
    %pushi/vec4 0, 0, 1;
    %store/vec4 v0000028d9ff57f60_0, 0, 1;
    %pushi/vec4 1, 0, 1;
    %store/vec4 v0000028d9ff58500_0, 0, 1;
    %delay 2000, 0;
    %pushi/vec4 1, 0, 1;
    %store/vec4 v0000028d9ff586e0_0, 0, 1;
    %pushi/vec4 1, 0, 1;
    %store/vec4 v0000028d9ff58640_0, 0, 1;
    %delay 2000, 0;
    %pushi/vec4 1, 0, 1;
    %store/vec4 v0000028d9ff586e0_0, 0, 1;
    %pushi/vec4 0, 0, 1;
    %store/vec4 v0000028d9ff58640_0, 0, 1;
    %delay 2000, 0;
    %load/vec4 v0000028d9ff57f60_0;
    %inv;
    %store/vec4 v0000028d9ff57f60_0, 0, 1;
    %delay 2000, 0;
    %pushi/vec4 0, 0, 1;
    %store/vec4 v0000028d9ff586e0_0, 0, 1;
    %pushi/vec4 1, 0, 1;
    %store/vec4 v0000028d9ff58640_0, 0, 1;
    %delay 2000, 0;
    %load/vec4 v0000028d9ff580a0_0;
    %inv;
    %store/vec4 v0000028d9ff580a0_0, 0, 1;
    %delay 2000, 0;
    %pushi/vec4 0, 0, 1;
    %store/vec4 v0000028d9ff586e0_0, 0, 1;
    %pushi/vec4 0, 0, 1;
    %store/vec4 v0000028d9ff58640_0, 0, 1;
    %delay 2000, 0;
    %delay 2500, 0;
    %pushi/vec4 0, 0, 1;
    %store/vec4 v0000028d9ff58500_0, 0, 1;
    %delay 2000, 0;
    %pushi/vec4 1, 0, 1;
    %store/vec4 v0000028d9ff58500_0, 0, 1;
    %pushi/vec4 1, 0, 1;
    %store/vec4 v0000028d9ff586e0_0, 0, 1;
    %pushi/vec4 0, 0, 1;
    %store/vec4 v0000028d9ff58640_0, 0, 1;
    %end;
    .thread T_7;
    .scope S_0000028d9feae550;
T_8 ;
    %vpi_call 2 84 "$dumpvars" {0 0 0};
    %end;
    .thread T_8;
# The file index is used to find the file name in the following table.
:file_names 3;
    "N/A";
    "<interactive>";
    ".\6.v";
